  main.cpp
E:\Users\KSzostak\Documents\GitHub\Quiver\src\main.cpp(190,41): warning C4244: "argument": konwersja z "double" do "int", możliwa utrata danych
E:\Users\KSzostak\Documents\GitHub\Quiver\src\main.cpp(192,41): warning C4244: "argument": konwersja z "double" do "int", możliwa utrata danych
E:\Users\KSzostak\Documents\GitHub\Quiver\src\main.cpp(235,16): warning C4244: "inicjowanie": konwersja z "int" do "float", możliwa utrata danych
E:\Users\KSzostak\Documents\GitHub\Quiver\src\main.cpp(236,16): warning C4244: "inicjowanie": konwersja z "int" do "float", możliwa utrata danych
E:\Users\KSzostak\Documents\GitHub\Quiver\src\main.cpp(417,16): warning C4244: "inicjowanie": konwersja z "double" do "float", możliwa utrata danych
E:\Users\KSzostak\Documents\GitHub\Quiver\src\main.cpp(418,14): warning C4244: "inicjowanie": konwersja z "double" do "float", możliwa utrata danych
E:\Users\KSzostak\Documents\GitHub\Quiver\src\main.cpp(421,231): warning C4244: "argument": konwersja z "double" do "float", możliwa utrata danych
Asteroid.obj : warning LNK4075: zignorowano opcję „/EDITANDCONTINUE” z powodu określenia opcji „/INCREMENTAL:NO”
PhysXExtensions_static_32.lib(ExtCpuWorkerThread.obj) : warning LNK4099: nie znaleziono pliku PDB „PhysXExtensions_static_32.pdb” z elementem „PhysXExtensions_static_32.lib(ExtCpuWorkerThread.obj)” lub w pozycji „E:\Users\KSzostak\Documents\GitHub\Quiver\Debug\PhysXExtensions_static_32.pdb”; obiekt zostanie skonsolidowany bez informacji debugowania
PhysXExtensions_static_32.lib(ExtDefaultCpuDispatcher.obj) : warning LNK4099: nie znaleziono pliku PDB „PhysXExtensions_static_32.pdb” z elementem „PhysXExtensions_static_32.lib(ExtDefaultCpuDispatcher.obj)” lub w pozycji „E:\Users\KSzostak\Documents\GitHub\Quiver\Debug\PhysXExtensions_static_32.pdb”; obiekt zostanie skonsolidowany bez informacji debugowania
PhysXExtensions_static_32.lib(ExtDefaultErrorCallback.obj) : warning LNK4099: nie znaleziono pliku PDB „PhysXExtensions_static_32.pdb” z elementem „PhysXExtensions_static_32.lib(ExtDefaultErrorCallback.obj)” lub w pozycji „E:\Users\KSzostak\Documents\GitHub\Quiver\Debug\PhysXExtensions_static_32.pdb”; obiekt zostanie skonsolidowany bez informacji debugowania
PhysXExtensions_static_32.lib(ExtDefaultStreams.obj) : warning LNK4099: nie znaleziono pliku PDB „PhysXExtensions_static_32.pdb” z elementem „PhysXExtensions_static_32.lib(ExtDefaultStreams.obj)” lub w pozycji „E:\Users\KSzostak\Documents\GitHub\Quiver\Debug\PhysXExtensions_static_32.pdb”; obiekt zostanie skonsolidowany bez informacji debugowania
PhysXPvdSDK_static_32.lib(PxProfileEventImpl.obj) : warning LNK4099: nie znaleziono pliku PDB „PhysXPvdSDK_static_32.pdb” z elementem „PhysXPvdSDK_static_32.lib(PxProfileEventImpl.obj)” lub w pozycji „E:\Users\KSzostak\Documents\GitHub\Quiver\Debug\PhysXPvdSDK_static_32.pdb”; obiekt zostanie skonsolidowany bez informacji debugowania
PhysXPvdSDK_static_32.lib(PxPvd.obj) : warning LNK4099: nie znaleziono pliku PDB „PhysXPvdSDK_static_32.pdb” z elementem „PhysXPvdSDK_static_32.lib(PxPvd.obj)” lub w pozycji „E:\Users\KSzostak\Documents\GitHub\Quiver\Debug\PhysXPvdSDK_static_32.pdb”; obiekt zostanie skonsolidowany bez informacji debugowania
PhysXPvdSDK_static_32.lib(PxPvdDataStream.obj) : warning LNK4099: nie znaleziono pliku PDB „PhysXPvdSDK_static_32.pdb” z elementem „PhysXPvdSDK_static_32.lib(PxPvdDataStream.obj)” lub w pozycji „E:\Users\KSzostak\Documents\GitHub\Quiver\Debug\PhysXPvdSDK_static_32.pdb”; obiekt zostanie skonsolidowany bez informacji debugowania
PhysXPvdSDK_static_32.lib(PxPvdDefaultSocketTransport.obj) : warning LNK4099: nie znaleziono pliku PDB „PhysXPvdSDK_static_32.pdb” z elementem „PhysXPvdSDK_static_32.lib(PxPvdDefaultSocketTransport.obj)” lub w pozycji „E:\Users\KSzostak\Documents\GitHub\Quiver\Debug\PhysXPvdSDK_static_32.pdb”; obiekt zostanie skonsolidowany bez informacji debugowania
PhysXPvdSDK_static_32.lib(PxPvdImpl.obj) : warning LNK4099: nie znaleziono pliku PDB „PhysXPvdSDK_static_32.pdb” z elementem „PhysXPvdSDK_static_32.lib(PxPvdImpl.obj)” lub w pozycji „E:\Users\KSzostak\Documents\GitHub\Quiver\Debug\PhysXPvdSDK_static_32.pdb”; obiekt zostanie skonsolidowany bez informacji debugowania
PhysXPvdSDK_static_32.lib(PxPvdMemClient.obj) : warning LNK4099: nie znaleziono pliku PDB „PhysXPvdSDK_static_32.pdb” z elementem „PhysXPvdSDK_static_32.lib(PxPvdMemClient.obj)” lub w pozycji „E:\Users\KSzostak\Documents\GitHub\Quiver\Debug\PhysXPvdSDK_static_32.pdb”; obiekt zostanie skonsolidowany bez informacji debugowania
PhysXPvdSDK_static_32.lib(PxPvdObjectModelMetaData.obj) : warning LNK4099: nie znaleziono pliku PDB „PhysXPvdSDK_static_32.pdb” z elementem „PhysXPvdSDK_static_32.lib(PxPvdObjectModelMetaData.obj)” lub w pozycji „E:\Users\KSzostak\Documents\GitHub\Quiver\Debug\PhysXPvdSDK_static_32.pdb”; obiekt zostanie skonsolidowany bez informacji debugowania
PhysXPvdSDK_static_32.lib(PxPvdObjectRegistrar.obj) : warning LNK4099: nie znaleziono pliku PDB „PhysXPvdSDK_static_32.pdb” z elementem „PhysXPvdSDK_static_32.lib(PxPvdObjectRegistrar.obj)” lub w pozycji „E:\Users\KSzostak\Documents\GitHub\Quiver\Debug\PhysXPvdSDK_static_32.pdb”; obiekt zostanie skonsolidowany bez informacji debugowania
PhysXPvdSDK_static_32.lib(PxPvdProfileZoneClient.obj) : warning LNK4099: nie znaleziono pliku PDB „PhysXPvdSDK_static_32.pdb” z elementem „PhysXPvdSDK_static_32.lib(PxPvdProfileZoneClient.obj)” lub w pozycji „E:\Users\KSzostak\Documents\GitHub\Quiver\Debug\PhysXPvdSDK_static_32.pdb”; obiekt zostanie skonsolidowany bez informacji debugowania
  quiver.vcxproj -> E:\Users\KSzostak\Documents\GitHub\Quiver\Debug\quiver.exe
